INFO 2020-04-21 14:01:55,999 autoreload 597 Watching for file changes with StatReloader
INFO 2020-04-21 22:05:59,303 autoreload 597 Watching for file changes with StatReloader
INFO 2020-04-22 12:57:44,276 autoreload 597 Watching for file changes with StatReloader
INFO 2020-04-22 12:57:55,262 basehttp 154 "GET /usernames/water/count/ HTTP/1.1" 200 47
INFO 2020-04-22 12:58:25,582 basehttp 154 "GET /usernames/water/count/ HTTP/1.1" 200 47
INFO 2020-04-22 13:07:05,715 autoreload 597 Watching for file changes with StatReloader
INFO 2020-04-22 13:07:24,431 basehttp 154 "GET /mobiles/13431679246/count/ HTTP/1.1" 200 47
INFO 2020-04-22 13:30:53,562 autoreload 597 Watching for file changes with StatReloader
INFO 2020-04-22 13:31:13,771 basehttp 154 "GET /image_codes/90d72702-6635-415b-b8a7-0ccee3605730/ HTTP/1.1" 200 3119
INFO 2020-04-22 13:32:10,827 basehttp 154 "GET /image_codes/9929d43a-57e5-477d-bff4-4af0bd874973/ HTTP/1.1" 200 3274
INFO 2020-04-24 13:19:57,163 autoreload 597 Watching for file changes with StatReloader
WARNING 2020-04-24 13:20:37,454 log 228 Not Found: /carts/simple/
WARNING 2020-04-24 13:20:37,456 basehttp 154 "GET /carts/simple/ HTTP/1.1" 404 2746
INFO 2020-04-24 13:20:41,944 basehttp 154 "GET /image_codes/fb027a51-cc6f-44b8-a6e1-a30d37c04082/ HTTP/1.1" 200 3113
INFO 2020-04-24 13:20:47,814 basehttp 154 "GET /image_codes/5c165152-e760-4748-aa7b-b3d5d48123c7/ HTTP/1.1" 200 3341
INFO 2020-04-24 13:20:56,661 basehttp 154 "GET /usernames/water789/count/ HTTP/1.1" 200 47
INFO 2020-04-24 13:21:15,363 basehttp 154 "GET /mobiles/13690599000/count/ HTTP/1.1" 200 47
INFO 2020-04-24 13:21:23,758 views 49 256230
INFO 2020-04-24 13:21:23,762 basehttp 154 "GET /mobiles/13690599000/count/ HTTP/1.1" 200 47
INFO 2020-04-24 13:21:24,083 basehttp 154 "GET /sms_codes/13690599000/?image_code=64oc&image_code_id=5c165152-e760-4748-aa7b-b3d5d48123c7 HTTP/1.1" 200 29
INFO 2020-04-25 11:00:57,085 autoreload 597 Watching for file changes with StatReloader
INFO 2020-04-25 11:01:08,284 basehttp 154 "GET /image_codes/fef7c017-9bf2-4a2f-be6c-8e66cdb24cd8/ HTTP/1.1" 200 2862
INFO 2020-04-25 11:01:24,325 basehttp 154 "GET /usernames/water123/count/ HTTP/1.1" 200 47
INFO 2020-04-25 11:01:35,979 basehttp 154 "GET /mobiles/13690599000/count/ HTTP/1.1" 200 47
INFO 2020-04-25 11:01:36,005 basehttp 154 "GET /image_codes/4a0c79ff-280c-4b72-b94a-58acc8b9e314/ HTTP/1.1" 200 3163
INFO 2020-04-25 11:01:38,161 basehttp 154 "GET /image_codes/27f5b374-8f4d-49d3-aa0c-483a3ce9efaf/ HTTP/1.1" 200 3253
INFO 2020-04-25 11:02:00,374 views 49 403571
INFO 2020-04-25 11:02:00,382 basehttp 154 "GET /mobiles/13690599000/count/ HTTP/1.1" 200 47
INFO 2020-04-25 11:02:00,563 basehttp 154 "GET /sms_codes/13690599000/?image_code=ov6q&image_code_id=27f5b374-8f4d-49d3-aa0c-483a3ce9efaf HTTP/1.1" 200 29
INFO 2020-04-25 11:03:22,623 basehttp 154 "GET /usernames/water123/count/ HTTP/1.1" 200 47
INFO 2020-04-25 11:03:22,652 basehttp 154 "OPTIONS /register/ HTTP/1.1" 200 0
WARNING 2020-04-25 11:03:22,668 log 228 Forbidden (CSRF cookie not set.): /register/
WARNING 2020-04-25 11:03:22,669 basehttp 154 "POST /register/ HTTP/1.1" 403 2837
INFO 2020-04-25 11:03:22,688 basehttp 154 "GET /mobiles/13690599000/count/ HTTP/1.1" 200 47
INFO 2020-04-25 11:13:49,589 autoreload 597 Watching for file changes with StatReloader
INFO 2020-04-25 11:13:53,258 basehttp 154 "OPTIONS /register/ HTTP/1.1" 200 0
INFO 2020-04-25 11:13:53,271 basehttp 154 "POST /register/ HTTP/1.1" 200 69
INFO 2020-04-25 11:13:53,283 basehttp 154 "GET /mobiles/13690599000/count/ HTTP/1.1" 200 47
INFO 2020-04-25 11:13:53,293 basehttp 154 "GET /usernames/water123/count/ HTTP/1.1" 200 47
INFO 2020-04-25 11:13:58,379 basehttp 154 "GET /image_codes/25dff398-afa3-4531-b9e8-6370cbb29ead/ HTTP/1.1" 200 3165
INFO 2020-04-25 11:14:06,667 basehttp 154 "POST /register/ HTTP/1.1" 200 69
INFO 2020-04-25 11:14:06,678 basehttp 154 "GET /usernames/water123/count/ HTTP/1.1" 200 47
INFO 2020-04-25 11:14:06,679 basehttp 154 "GET /mobiles/13690599000/count/ HTTP/1.1" 200 47
INFO 2020-04-25 11:14:20,785 views 49 526877
INFO 2020-04-25 11:14:20,798 basehttp 154 "GET /mobiles/13690599000/count/ HTTP/1.1" 200 47
INFO 2020-04-25 11:14:20,916 basehttp 154 "GET /sms_codes/13690599000/?image_code=lzk6&image_code_id=25dff398-afa3-4531-b9e8-6370cbb29ead HTTP/1.1" 200 29
INFO 2020-04-25 11:14:32,338 basehttp 154 "GET /mobiles/13690599000/count/ HTTP/1.1" 200 47
INFO 2020-04-25 11:14:32,344 basehttp 154 "GET /usernames/water123/count/ HTTP/1.1" 200 47
INFO 2020-04-25 11:14:32,575 basehttp 154 "POST /register/ HTTP/1.1" 200 27
WARNING 2020-04-25 11:14:33,034 log 228 Not Found: /carts/simple/
WARNING 2020-04-25 11:14:33,034 basehttp 154 "GET /carts/simple/ HTTP/1.1" 404 3059
WARNING 2020-04-25 11:15:34,898 log 228 Not Found: /carts/simple/
WARNING 2020-04-25 11:15:34,900 basehttp 154 "GET /carts/simple/ HTTP/1.1" 404 3059
INFO 2020-04-25 11:15:53,207 basehttp 154 "OPTIONS /login/ HTTP/1.1" 200 0
ERROR 2020-04-25 11:15:53,417 log 228 Internal Server Error: /login/
Traceback (most recent call last):
  File "/home/ubuntu/.virtualenvs/meiduo_water02/lib/python3.6/site-packages/django/core/handlers/exception.py", line 34, in inner
    response = get_response(request)
  File "/home/ubuntu/.virtualenvs/meiduo_water02/lib/python3.6/site-packages/django/core/handlers/base.py", line 115, in _get_response
    response = self.process_exception_by_middleware(e, request)
  File "/home/ubuntu/.virtualenvs/meiduo_water02/lib/python3.6/site-packages/django/core/handlers/base.py", line 113, in _get_response
    response = wrapped_callback(request, *callback_args, **callback_kwargs)
  File "/home/ubuntu/.virtualenvs/meiduo_water02/lib/python3.6/site-packages/django/views/generic/base.py", line 71, in view
    return self.dispatch(request, *args, **kwargs)
  File "/home/ubuntu/.virtualenvs/meiduo_water02/lib/python3.6/site-packages/django/views/generic/base.py", line 97, in dispatch
    return handler(request, *args, **kwargs)
  File "/home/ubuntu/Desktop/heima/django_test/meiduo02/meiduo02/apps/users/views.py", line 110, in post
    response.set_cookie('username', user.username, max_age=3600*24*12)
  File "/home/ubuntu/.virtualenvs/meiduo_water02/lib/python3.6/site-packages/django/http/response.py", line 169, in set_cookie
    self.cookies[key] = value
AttributeError: 'str' object has no attribute 'cookies'
ERROR 2020-04-25 11:15:53,419 basehttp 154 "POST /login/ HTTP/1.1" 500 85906
INFO 2020-04-25 12:42:53,489 autoreload 597 Watching for file changes with StatReloader
INFO 2020-04-25 12:42:57,081 basehttp 154 "OPTIONS /login/ HTTP/1.1" 200 0
INFO 2020-04-25 12:42:57,227 basehttp 154 "POST /login/ HTTP/1.1" 200 27
WARNING 2020-04-25 12:42:57,904 log 228 Not Found: /carts/simple/
WARNING 2020-04-25 12:42:57,907 basehttp 154 "GET /carts/simple/ HTTP/1.1" 404 3059
INFO 2020-04-28 23:32:21,384 autoreload 597 Watching for file changes with StatReloader
WARNING 2020-04-28 23:32:31,921 log 228 Not Found: /carts/simple/
WARNING 2020-04-28 23:32:31,923 basehttp 154 "GET /carts/simple/ HTTP/1.1" 404 3699
INFO 2020-04-28 23:32:39,669 basehttp 154 "OPTIONS /logout/ HTTP/1.1" 200 0
INFO 2020-04-28 23:32:39,710 basehttp 154 "DELETE /logout/ HTTP/1.1" 200 27
INFO 2020-04-28 23:32:45,949 basehttp 154 "GET /qq/authorization/?next=/ HTTP/1.1" 200 203
INFO 2020-04-28 23:33:24,720 basehttp 154 "GET /oauth_callback/?code=BB3850206237DAF77C712F8DD4AF380D HTTP/1.1" 200 29
INFO 2020-04-28 23:33:24,800 basehttp 154 "GET /image_codes/f32e0ddc-9705-4186-8bf1-02b8707a623a/ HTTP/1.1" 200 3233
INFO 2020-04-28 23:34:05,207 basehttp 154 "GET /image_codes/d866bdbd-cec5-4c96-aa40-e937c99caa7a/ HTTP/1.1" 200 2903
INFO 2020-04-28 23:39:14,650 autoreload 597 Watching for file changes with StatReloader
INFO 2020-04-28 23:39:20,670 basehttp 154 "GET /qq/authorization/?next=/ HTTP/1.1" 200 203
INFO 2020-04-28 23:40:59,530 basehttp 154 "GET /oauth_callback/?code=4BC678048936B16EC5DA11AE5C738D07 HTTP/1.1" 200 29
INFO 2020-04-28 23:40:59,627 basehttp 154 "GET /image_codes/aadcff85-d9a3-4e1a-863d-30cb1743491d/ HTTP/1.1" 200 3113
INFO 2020-04-28 23:41:27,233 basehttp 154 "GET /image_codes/8c25097d-ae9a-4236-8aa9-48caca3220b7/ HTTP/1.1" 200 3506
INFO 2020-04-28 23:41:40,188 basehttp 154 "GET /sms_codes/13690599000/?image_code=hm2r&image_code_id=8c25097d-ae9a-4236-8aa9-48caca3220b7 HTTP/1.1" 200 69
INFO 2020-04-28 23:45:34,859 basehttp 154 "GET /sms_codes/13690599000/?image_code=hm2r&image_code_id=8c25097d-ae9a-4236-8aa9-48caca3220b7 HTTP/1.1" 200 57
INFO 2020-04-28 23:47:59,248 autoreload 597 Watching for file changes with StatReloader
INFO 2020-04-28 23:48:06,878 basehttp 154 "GET /qq/authorization/?next=/ HTTP/1.1" 200 203
INFO 2020-04-28 23:48:28,893 basehttp 154 "GET /oauth_callback/?code=8174E64A9C51907EA9DB3204D0916D61 HTTP/1.1" 200 29
INFO 2020-04-28 23:48:28,980 basehttp 154 "GET /image_codes/aad9f2f1-73cc-45e2-b189-b278bc633438/ HTTP/1.1" 200 3130
INFO 2020-04-28 23:49:10,619 views 49 841186
INFO 2020-04-28 23:49:45,357 basehttp 154 "GET /sms_codes/13690599000/?image_code=h6ep&image_code_id=aad9f2f1-73cc-45e2-b189-b278bc633438 HTTP/1.1" 200 29
INFO 2020-04-28 23:50:05,731 basehttp 154 "OPTIONS /oauth_callback/ HTTP/1.1" 200 0
INFO 2020-04-28 23:51:30,110 basehttp 154 "POST /oauth_callback/ HTTP/1.1" 200 27
WARNING 2020-04-28 23:51:31,356 log 228 Not Found: /carts/simple/
WARNING 2020-04-28 23:51:31,358 basehttp 154 "GET /carts/simple/ HTTP/1.1" 404 3699
INFO 2020-04-28 23:51:57,680 basehttp 154 "POST /oauth_callback/ HTTP/1.1" 200 45
INFO 2020-04-29 00:15:45,236 autoreload 597 Watching for file changes with StatReloader
INFO 2020-04-29 00:15:51,124 basehttp 154 "GET /info/ HTTP/1.1" 200 63
WARNING 2020-04-29 00:15:51,148 log 228 Not Found: /browse_histories/
WARNING 2020-04-29 00:15:51,149 basehttp 154 "GET /browse_histories/ HTTP/1.1" 404 3711
INFO 2020-04-29 00:16:07,581 basehttp 154 "OPTIONS /login/ HTTP/1.1" 200 0
INFO 2020-04-29 00:16:07,591 basehttp 154 "POST /login/ HTTP/1.1" 200 63
INFO 2020-04-29 00:16:11,134 basehttp 154 "POST /login/ HTTP/1.1" 200 63
INFO 2020-04-29 00:16:17,951 basehttp 154 "POST /login/ HTTP/1.1" 200 63
INFO 2020-04-29 00:17:50,975 basehttp 154 "POST /login/ HTTP/1.1" 200 63
INFO 2020-04-29 00:17:59,503 basehttp 154 "POST /login/ HTTP/1.1" 200 27
WARNING 2020-04-29 00:17:59,966 log 228 Not Found: /carts/simple/
WARNING 2020-04-29 00:17:59,969 basehttp 154 "GET /carts/simple/ HTTP/1.1" 404 3699
WARNING 2020-04-29 00:18:02,974 log 228 Not Found: /browse_histories/
WARNING 2020-04-29 00:18:02,976 basehttp 154 "GET /browse_histories/ HTTP/1.1" 404 3711
INFO 2020-04-29 00:18:02,984 basehttp 154 "GET /info/ HTTP/1.1" 200 130
INFO 2020-04-29 15:03:39,975 autoreload 597 Watching for file changes with StatReloader
INFO 2020-04-29 15:03:57,468 basehttp 154 "OPTIONS /emails/ HTTP/1.1" 200 0
INFO 2020-04-29 15:04:27,343 basehttp 154 "PUT /emails/ HTTP/1.1" 200 27
WARNING 2020-04-29 15:05:24,295 log 228 Not Found: /browse_histories/
WARNING 2020-04-29 15:05:24,303 basehttp 154 "GET /browse_histories/ HTTP/1.1" 404 3867
INFO 2020-04-29 15:05:35,667 basehttp 154 "OPTIONS /emails/verification/?token=eyJhbGciOiJIUzUxMiIsImlhdCI6MTU4ODE0Mzg1NCwiZXhwIjoxNTg4MjMwMjU0fQ.eyJ1c2VyX2lkIjoyLCJlbWFpbCI6Imh1YW5neW9uZ3J1aUBob3RtYWlsLmNvbSJ9.WTsL5RDSebCQuahVb1caIVRfYFdTr8sgY0I2fJ9h6CVaNa_IJS6cIGbRHI_C0iRa6o8psGjaOs6NjoUvvx-kCQ HTTP/1.1" 200 0
WARNING 2020-04-29 15:05:35,772 log 228 Not Found: /emails/verification/
WARNING 2020-04-29 15:05:35,799 basehttp 154 "PUT /emails/verification/?token=eyJhbGciOiJIUzUxMiIsImlhdCI6MTU4ODE0Mzg1NCwiZXhwIjoxNTg4MjMwMjU0fQ.eyJ1c2VyX2lkIjoyLCJlbWFpbCI6Imh1YW5neW9uZ3J1aUBob3RtYWlsLmNvbSJ9.WTsL5RDSebCQuahVb1caIVRfYFdTr8sgY0I2fJ9h6CVaNa_IJS6cIGbRHI_C0iRa6o8psGjaOs6NjoUvvx-kCQ HTTP/1.1" 404 4101
WARNING 2020-04-29 15:05:53,445 log 228 Not Found: /emails/verification/
WARNING 2020-04-29 15:05:53,455 basehttp 154 "PUT /emails/verification/?token=eyJhbGciOiJIUzUxMiIsImlhdCI6MTU4ODE0Mzg1NCwiZXhwIjoxNTg4MjMwMjU0fQ.eyJ1c2VyX2lkIjoyLCJlbWFpbCI6Imh1YW5neW9uZ3J1aUBob3RtYWlsLmNvbSJ9.WTsL5RDSebCQuahVb1caIVRfYFdTr8sgY0I2fJ9h6CVaNa_IJS6cIGbRHI_C0iRa6o8psGjaOs6NjoUvvx-kCQ HTTP/1.1" 404 4101
INFO 2020-04-29 15:48:28,101 autoreload 597 Watching for file changes with StatReloader
WARNING 2020-04-29 15:48:39,421 log 228 Not Found: /carts/simple/
WARNING 2020-04-29 15:48:39,429 basehttp 154 "GET /carts/simple/ HTTP/1.1" 404 4024
WARNING 2020-04-29 15:48:41,901 log 228 Not Found: /browse_histories/
WARNING 2020-04-29 15:48:41,939 basehttp 154 "GET /browse_histories/ HTTP/1.1" 404 4036
INFO 2020-04-29 15:48:41,954 basehttp 154 "GET /info/ HTTP/1.1" 200 154
INFO 2020-04-29 15:48:45,098 basehttp 154 "OPTIONS /emails/ HTTP/1.1" 200 0
INFO 2020-04-29 15:48:51,968 basehttp 154 "PUT /emails/ HTTP/1.1" 200 27
INFO 2020-04-29 15:49:15,914 basehttp 154 "OPTIONS /emails/verification/?token=eyJhbGciOiJIUzUxMiIsImlhdCI6MTU4ODE0NjUzMSwiZXhwIjoxNTg4MjMyOTMxfQ.eyJ1c2VyX2lkIjoyLCJlbWFpbCI6Imh1YW5neW9uZ3J1aUBob3RtYWlsLmNvbSJ9.2oMcEAVTkG_OoQlM6ISrqpLiN3Tcq4Qhuh5MyPiJ0OtZrnNfU9J5UuE8ZHQDhdF1RVGaWqsfy2aiOAzaTM17gA HTTP/1.1" 200 0
INFO 2020-04-29 15:49:38,954 basehttp 154 "PUT /emails/verification/?token=eyJhbGciOiJIUzUxMiIsImlhdCI6MTU4ODE0NjUzMSwiZXhwIjoxNTg4MjMyOTMxfQ.eyJ1c2VyX2lkIjoyLCJlbWFpbCI6Imh1YW5neW9uZ3J1aUBob3RtYWlsLmNvbSJ9.2oMcEAVTkG_OoQlM6ISrqpLiN3Tcq4Qhuh5MyPiJ0OtZrnNfU9J5UuE8ZHQDhdF1RVGaWqsfy2aiOAzaTM17gA HTTP/1.1" 200 27
INFO 2020-04-29 18:17:52,677 autoreload 597 Watching for file changes with StatReloader
WARNING 2020-04-29 18:18:09,514 log 228 Not Found: /addresses/
WARNING 2020-04-29 18:18:09,524 basehttp 154 "GET /addresses/ HTTP/1.1" 404 4348
INFO 2020-04-29 18:18:09,580 basehttp 154 "GET /areas/ HTTP/1.1" 200 1772
INFO 2020-04-29 18:18:15,503 basehttp 154 "GET /areas/220000/ HTTP/1.1" 200 539
INFO 2020-04-29 18:18:17,650 basehttp 154 "GET /areas/220300/ HTTP/1.1" 200 401
INFO 2020-04-29 20:23:47,759 autoreload 597 Watching for file changes with StatReloader
INFO 2020-04-29 20:23:52,747 basehttp 154 "GET /areas/ HTTP/1.1" 200 1772
INFO 2020-04-29 20:23:52,788 basehttp 154 "GET /addresses/ HTTP/1.1" 200 72
INFO 2020-04-29 20:25:28,014 basehttp 154 "GET /areas/110000/ HTTP/1.1" 200 141
INFO 2020-04-29 20:25:29,485 basehttp 154 "GET /areas/110100/ HTTP/1.1" 200 843
INFO 2020-04-29 20:26:03,817 basehttp 154 "OPTIONS /addresses/create/ HTTP/1.1" 200 0
INFO 2020-04-29 20:26:27,341 basehttp 154 "POST /addresses/create/ HTTP/1.1" 200 350
INFO 2020-04-29 20:26:27,714 basehttp 154 "GET /areas/ HTTP/1.1" 200 1772
INFO 2020-04-29 20:27:10,732 basehttp 154 "GET /addresses/ HTTP/1.1" 200 345
INFO 2020-04-29 21:16:29,592 autoreload 597 Watching for file changes with StatReloader
INFO 2020-04-29 21:16:47,306 basehttp 154 "GET /areas/210000/ HTTP/1.1" 200 745
INFO 2020-04-29 21:16:48,682 basehttp 154 "GET /areas/210500/ HTTP/1.1" 200 419
INFO 2020-04-29 21:16:59,129 basehttp 154 "OPTIONS /addresses/create/ HTTP/1.1" 200 0
INFO 2020-04-29 21:16:59,198 basehttp 154 "POST /addresses/create/ HTTP/1.1" 200 332
INFO 2020-04-29 21:16:59,554 basehttp 154 "GET /areas/ HTTP/1.1" 200 1772
INFO 2020-04-29 21:16:59,611 basehttp 154 "GET /addresses/ HTTP/1.1" 200 605
INFO 2020-04-29 21:22:51,326 basehttp 154 "GET /areas/130000/ HTTP/1.1" 200 701
INFO 2020-04-29 21:22:53,024 basehttp 154 "GET /areas/130800/ HTTP/1.1" 200 709
INFO 2020-04-29 21:23:08,341 basehttp 154 "OPTIONS /addresses/2/ HTTP/1.1" 200 0
INFO 2020-04-29 21:23:08,377 basehttp 154 "PUT /addresses/2/ HTTP/1.1" 200 332
INFO 2020-04-29 21:23:56,786 basehttp 154 "OPTIONS /addresses/1/ HTTP/1.1" 200 0
INFO 2020-04-29 21:23:56,806 basehttp 154 "DELETE /addresses/1/ HTTP/1.1" 200 61
INFO 2020-04-29 21:23:57,058 basehttp 154 "GET /areas/ HTTP/1.1" 200 1772
INFO 2020-04-29 21:23:57,069 basehttp 154 "GET /addresses/ HTTP/1.1" 200 339
INFO 2020-04-29 21:59:35,277 autoreload 597 Watching for file changes with StatReloader
INFO 2020-04-29 22:00:00,408 basehttp 154 "OPTIONS /addresses/2/default/ HTTP/1.1" 200 0
INFO 2020-04-29 22:00:00,476 basehttp 154 "PUT /addresses/2/default/ HTTP/1.1" 200 73
INFO 2020-04-29 22:00:00,936 basehttp 154 "GET /areas/ HTTP/1.1" 200 1772
INFO 2020-04-29 22:00:00,988 basehttp 154 "GET /addresses/ HTTP/1.1" 200 339
INFO 2020-04-29 22:00:23,356 basehttp 154 "OPTIONS /addresses/2/title/ HTTP/1.1" 200 0
INFO 2020-04-29 22:00:23,379 basehttp 154 "PUT /addresses/2/title/ HTTP/1.1" 200 73
