INFO 2020-04-21 02:01:32,281 autoreload 597 Watching for file changes with StatReloader
ERROR 2020-04-21 02:01:51,699 exception 77 Invalid HTTP_HOST header: 'www.meiduo.site:8000'. You may need to add 'www.meiduo.site' to ALLOWED_HOSTS.
WARNING 2020-04-21 02:01:51,755 log 228 Bad Request: /usernames/wateraaa/count/
WARNING 2020-04-21 02:01:51,760 basehttp 154 "GET /usernames/wateraaa/count/ HTTP/1.1" 400 67306
INFO 2020-04-21 02:16:24,452 autoreload 597 Watching for file changes with StatReloader
INFO 2020-04-21 02:16:48,222 basehttp 154 "GET /usernames/water123/count/ HTTP/1.1" 200 41
INFO 2020-04-21 03:01:22,757 autoreload 597 Watching for file changes with StatReloader
INFO 2020-04-21 03:02:06,776 basehttp 154 "GET /usernames/water123/count/ HTTP/1.1" 200 41
WARNING 2020-04-21 03:04:01,824 log 228 Not Found: /image_codes/f4097519-7d94-49a3-bd0e-ae2370b38cde/
WARNING 2020-04-21 03:04:01,833 basehttp 154 "GET /image_codes/f4097519-7d94-49a3-bd0e-ae2370b38cde/ HTTP/1.1" 404 2286
INFO 2020-04-21 03:06:07,622 autoreload 597 Watching for file changes with StatReloader
WARNING 2020-04-21 03:06:19,797 log 228 Not Found: /image_codes/e9658c75-a3db-454b-91cc-9fdf76b16039/
WARNING 2020-04-21 03:06:19,798 basehttp 154 "GET /image_codes/e9658c75-a3db-454b-91cc-9fdf76b16039/ HTTP/1.1" 404 2286
INFO 2020-04-21 03:06:59,210 basehttp 154 "GET /usernames/water4567/count/ HTTP/1.1" 200 41
INFO 2020-04-21 03:07:39,954 basehttp 154 "GET /usernames/water4567/count/ HTTP/1.1" 200 41
INFO 2020-04-21 03:11:11,288 autoreload 597 Watching for file changes with StatReloader
WARNING 2020-04-21 03:11:20,970 log 228 Not Found: /image_codes/5d6efbf2-c6a9-4d54-88c5-4ffd99396baa/
WARNING 2020-04-21 03:11:20,977 basehttp 154 "GET /image_codes/5d6efbf2-c6a9-4d54-88c5-4ffd99396baa/ HTTP/1.1" 404 2286
INFO 2020-04-21 08:40:57,147 autoreload 597 Watching for file changes with StatReloader
INFO 2020-04-21 08:41:10,943 basehttp 154 "GET /usernames/water123/count/ HTTP/1.1" 200 41
INFO 2020-04-21 08:42:02,216 basehttp 154 "GET /usernames/water123/count/ HTTP/1.1" 200 41
INFO 2020-04-21 08:42:30,172 basehttp 154 "GET /mobiles/13431679246/count/ HTTP/1.1" 200 41
INFO 2020-04-21 09:05:35,997 autoreload 597 Watching for file changes with StatReloader
ERROR 2020-04-21 09:05:54,745 log 228 Internal Server Error: /image_codes/4016e86c-0f53-4d77-857c-770e8e202c63/
Traceback (most recent call last):
  File "/home/ubuntu/.virtualenvs/meiduo_water/lib/python3.6/site-packages/django/core/handlers/exception.py", line 34, in inner
    response = get_response(request)
  File "/home/ubuntu/.virtualenvs/meiduo_water/lib/python3.6/site-packages/django/core/handlers/base.py", line 115, in _get_response
    response = self.process_exception_by_middleware(e, request)
  File "/home/ubuntu/.virtualenvs/meiduo_water/lib/python3.6/site-packages/django/core/handlers/base.py", line 113, in _get_response
    response = wrapped_callback(request, *callback_args, **callback_kwargs)
  File "/home/ubuntu/.virtualenvs/meiduo_water/lib/python3.6/site-packages/django/views/generic/base.py", line 71, in view
    return self.dispatch(request, *args, **kwargs)
  File "/home/ubuntu/.virtualenvs/meiduo_water/lib/python3.6/site-packages/django/views/generic/base.py", line 97, in dispatch
    return handler(request, *args, **kwargs)
  File "/home/ubuntu/Desktop/heima/django_test/meiduo/meiduo/apps/verifications/views.py", line 18, in get
    redis_conn = get_redis_connection('verify_code')
  File "/home/ubuntu/.virtualenvs/meiduo_water/lib/python3.6/site-packages/django_redis/__init__.py", line 12, in get_redis_connection
    cache = caches[alias]
  File "/home/ubuntu/.virtualenvs/meiduo_water/lib/python3.6/site-packages/django/core/cache/__init__.py", line 76, in __getitem__
    "Could not find config for '%s' in settings.CACHES" % alias
django.core.cache.backends.base.InvalidCacheBackendError: Could not find config for 'verify_code' in settings.CACHES
ERROR 2020-04-21 09:05:54,753 basehttp 154 "GET /image_codes/4016e86c-0f53-4d77-857c-770e8e202c63/ HTTP/1.1" 500 93581
INFO 2020-04-21 09:19:28,347 autoreload 597 Watching for file changes with StatReloader
ERROR 2020-04-21 09:19:36,495 log 228 Internal Server Error: /image_codes/2ff4558c-48cc-41e1-b7d4-41efaa9e71c0/
Traceback (most recent call last):
  File "/home/ubuntu/.virtualenvs/meiduo_water/lib/python3.6/site-packages/django/core/handlers/exception.py", line 34, in inner
    response = get_response(request)
  File "/home/ubuntu/.virtualenvs/meiduo_water/lib/python3.6/site-packages/django/core/handlers/base.py", line 115, in _get_response
    response = self.process_exception_by_middleware(e, request)
  File "/home/ubuntu/.virtualenvs/meiduo_water/lib/python3.6/site-packages/django/core/handlers/base.py", line 113, in _get_response
    response = wrapped_callback(request, *callback_args, **callback_kwargs)
  File "/home/ubuntu/.virtualenvs/meiduo_water/lib/python3.6/site-packages/django/views/generic/base.py", line 71, in view
    return self.dispatch(request, *args, **kwargs)
  File "/home/ubuntu/.virtualenvs/meiduo_water/lib/python3.6/site-packages/django/views/generic/base.py", line 97, in dispatch
    return handler(request, *args, **kwargs)
  File "/home/ubuntu/Desktop/heima/django_test/meiduo/meiduo/apps/verifications/views.py", line 18, in get
    redis_conn = get_redis_connection('verify_code')
  File "/home/ubuntu/.virtualenvs/meiduo_water/lib/python3.6/site-packages/django_redis/__init__.py", line 12, in get_redis_connection
    cache = caches[alias]
  File "/home/ubuntu/.virtualenvs/meiduo_water/lib/python3.6/site-packages/django/core/cache/__init__.py", line 76, in __getitem__
    "Could not find config for '%s' in settings.CACHES" % alias
django.core.cache.backends.base.InvalidCacheBackendError: Could not find config for 'verify_code' in settings.CACHES
ERROR 2020-04-21 09:19:36,497 basehttp 154 "GET /image_codes/2ff4558c-48cc-41e1-b7d4-41efaa9e71c0/ HTTP/1.1" 500 93553
INFO 2020-04-21 09:21:10,150 autoreload 597 Watching for file changes with StatReloader
INFO 2020-04-21 09:21:14,872 basehttp 154 "GET /image_codes/c2c39d52-c80b-4ad4-a473-dc87324d86ab/ HTTP/1.1" 200 3311
INFO 2020-04-22 09:24:52,725 autoreload 597 Watching for file changes with StatReloader
INFO 2020-04-22 09:25:04,105 basehttp 154 "GET /image_codes/601ad5bb-7ce8-4d2e-90e8-c7114391d91a/ HTTP/1.1" 200 3098
INFO 2020-04-22 09:25:13,665 basehttp 154 "GET /mobiles/13690599000/count/ HTTP/1.1" 200 41
INFO 2020-04-22 09:25:28,765 basehttp 154 "GET /mobiles/13690599000/count/ HTTP/1.1" 200 41
WARNING 2020-04-22 09:25:28,785 log 228 Not Found: /sms_codes/13690599000/
WARNING 2020-04-22 09:25:28,788 basehttp 154 "GET /sms_codes/13690599000/?image_code=pxpb&image_code_id=601ad5bb-7ce8-4d2e-90e8-c7114391d91a HTTP/1.1" 404 2653
INFO 2020-04-22 09:27:46,131 autoreload 597 Watching for file changes with StatReloader
INFO 2020-04-22 09:27:52,391 basehttp 154 "GET /image_codes/95181b43-967b-429b-887a-2852f0ffaee9/ HTTP/1.1" 200 3219
INFO 2020-04-22 09:28:03,884 basehttp 154 "GET /mobiles/13690599000/count/ HTTP/1.1" 200 41
INFO 2020-04-22 09:28:13,317 basehttp 154 "GET /mobiles/13690599000/count/ HTTP/1.1" 200 41
WARNING 2020-04-22 09:28:13,323 log 228 Not Found: /sms_codes/13690599000/
WARNING 2020-04-22 09:28:13,325 basehttp 154 "GET /sms_codes/13690599000/?image_code=qujd&image_code_id=95181b43-967b-429b-887a-2852f0ffaee9 HTTP/1.1" 404 2653
INFO 2020-04-22 09:28:42,712 autoreload 597 Watching for file changes with StatReloader
INFO 2020-04-22 09:28:52,657 basehttp 154 "GET /image_codes/39124f47-aede-42fd-ae96-785cc4b45978/ HTTP/1.1" 200 3085
INFO 2020-04-22 09:29:04,557 basehttp 154 "GET /mobiles/13690599000/count/ HTTP/1.1" 200 41
INFO 2020-04-22 09:29:16,051 basehttp 154 "GET /mobiles/13690599000/count/ HTTP/1.1" 200 41
WARNING 2020-04-22 09:29:16,058 log 228 Not Found: /sms_codes/13690599000/
WARNING 2020-04-22 09:29:16,058 basehttp 154 "GET /sms_codes/13690599000/?image_code=3q4t&image_code_id=39124f47-aede-42fd-ae96-785cc4b45978 HTTP/1.1" 404 2653
INFO 2020-04-22 09:30:09,943 autoreload 597 Watching for file changes with StatReloader
INFO 2020-04-22 09:30:15,756 basehttp 154 "GET /image_codes/aaf37c98-9130-4a28-831a-126c5dc7e610/ HTTP/1.1" 200 3364
INFO 2020-04-22 09:30:33,420 basehttp 154 "GET /mobiles/13690599000/count/ HTTP/1.1" 200 41
INFO 2020-04-22 09:30:48,600 basehttp 154 "GET /image_codes/898b0faa-f7a6-4438-88ee-144545c17325/ HTTP/1.1" 200 3386
INFO 2020-04-22 09:31:12,899 basehttp 154 "GET /mobiles/13690599000/count/ HTTP/1.1" 200 41
WARNING 2020-04-22 09:31:12,920 log 228 Not Found: /sms_codes/13690599000/
WARNING 2020-04-22 09:31:12,921 basehttp 154 "GET /sms_codes/13690599000/?image_code=cqnk&image_code_id=898b0faa-f7a6-4438-88ee-144545c17325 HTTP/1.1" 404 2653
INFO 2020-04-22 09:34:07,463 autoreload 597 Watching for file changes with StatReloader
INFO 2020-04-22 09:34:12,096 basehttp 154 "GET /image_codes/4e177c34-7c07-4990-965a-69a47f3d3a00/ HTTP/1.1" 200 2930
INFO 2020-04-22 09:34:21,843 basehttp 154 "GET /mobiles/13690599000/count/ HTTP/1.1" 200 41
INFO 2020-04-22 09:34:27,039 views 52 365251
INFO 2020-04-22 09:34:27,049 basehttp 154 "GET /mobiles/13690599000/count/ HTTP/1.1" 200 41
INFO 2020-04-22 09:34:27,419 basehttp 154 "GET /sms_codes/13690599000/?image_code=x3zc&image_code_id=4e177c34-7c07-4990-965a-69a47f3d3a00 HTTP/1.1" 200 61
